[INFO ] 2019-08-25 10:47:01.786 [main] Log - 2019-08-25 10:47:01 [INFO] [getDeviceSerial:91] - Adding all android devices: emulator-5554
[INFO ] 2019-08-25 10:47:01.791 [main] Log - 2019-08-25 10:47:01 [INFO] [getAndroidDeviceSerial:77] - Adding Android devices
[INFO ] 2019-08-25 10:47:01.792 [main] Log - 2019-08-25 10:47:01 [INFO] [initializeDevices:66] - {emulator-5554=true}
[INFO ] 2019-08-25 10:47:01.801 [main] Log - 2019-08-25 10:47:01 [INFO] [parallelExecution:70] - creating directory: Logs
[INFO ] 2019-08-25 10:47:01.802 [main] Log - 2019-08-25 10:47:01 [INFO] [getDeviceInfo:55] - /Users/dhirendra.jha/Documents/TestAutomation/Mobile/cucumbermobiletest/testdata/deviceSheet.csv
[INFO ] 2019-08-25 10:47:01.803 [main] Log - 2019-08-25 10:47:01 [INFO] [getDeviceInfo:55] - /Users/dhirendra.jha/Documents/TestAutomation/Mobile/cucumbermobiletest/testdata/deviceSheet.csv
[INFO ] 2019-08-25 10:47:01.805 [main] Log - 2019-08-25 10:47:01 [INFO] [parallelExecution:86] - creating directory: ADBLogs
[INFO ] 2019-08-25 10:47:01.805 [main] Log - 2019-08-25 10:47:01 [INFO] [parallelExecution:111] - ********************************************

[INFO ] 2019-08-25 10:47:01.806 [main] Log - 2019-08-25 10:47:01 [INFO] [parallelExecution:112] - Total Number of devices detected::1

[INFO ] 2019-08-25 10:47:01.807 [main] Log - 2019-08-25 10:47:01 [INFO] [parallelExecution:113] - ********************************************

[INFO ] 2019-08-25 10:47:01.807 [main] Log - 2019-08-25 10:47:01 [INFO] [parallelExecution:114] - starting running tests in threads
[INFO ] 2019-08-25 10:47:02.227 [TestNG-tests-1] Log - 2019-08-25 10:47:02 [INFO] [feature:171] - Feature Name: LoginTest
[INFO ] 2019-08-25 10:47:02.228 [Thread_0] Log - 2019-08-25 10:47:02 [INFO] [createAppiumInstance:205] - 0parallel
[INFO ] 2019-08-25 10:47:03.092 [Thread_0] Log - 2019-08-25 10:47:03 [INFO] [startAppiumServerForAndroidWeb:90] - *******************************************

[INFO ] 2019-08-25 10:47:03.093 [Thread_0] Log - 2019-08-25 10:47:03 [INFO] [startAppiumServerForAndroidWeb:91] - Starting Appium Server for Android Device::emulator-5554

[INFO ] 2019-08-25 10:47:03.095 [Thread_0] Log - 2019-08-25 10:47:03 [INFO] [startAppiumServerForAndroidWeb:92] - *******************************************

[INFO ] 2019-08-25 10:47:04.257 [Thread_0] Log - 2019-08-25 10:47:04 [INFO] [androidWeb:69] - Setting Android Desired Capabilities:
[INFO ] 2019-08-25 10:47:04.283 [Thread_0] Log - 2019-08-25 10:47:04 [INFO] [androidWeb:69] - Setting Android Desired Capabilities:
[INFO ] 2019-08-25 10:47:22.026 [Thread_0] Log - 2019-08-25 10:47:22 [INFO] [startOfScenarioLifeCycle:196] - []
[INFO ] 2019-08-25 10:47:22.027 [Thread_0] Log - 2019-08-25 10:47:22 [INFO] [scenario:250] - #################################################
[INFO ] 2019-08-25 10:47:22.027 [Thread_0] Log - 2019-08-25 10:47:22 [INFO] [scenario:251] - 		Scenario: As user i should login with valid login		
[INFO ] 2019-08-25 10:47:22.028 [Thread_0] Log - 2019-08-25 10:47:22 [INFO] [scenario:252] - #################################################
[INFO ] 2019-08-25 10:47:57.973 [Thread_0] Log - 2019-08-25 10:47:57 [INFO] [feature:171] - Feature Name: LoginTest
[INFO ] 2019-08-25 10:47:57.974 [Thread_0] Log - 2019-08-25 10:47:57 [INFO] [createAppiumInstance:205] - 0parallel
[INFO ] 2019-08-25 10:47:57.980 [Thread_0] Log - 2019-08-25 10:47:57 [INFO] [startAppiumServerForAndroidWeb:90] - *******************************************

[INFO ] 2019-08-25 10:47:57.980 [Thread_0] Log - 2019-08-25 10:47:57 [INFO] [startAppiumServerForAndroidWeb:91] - Starting Appium Server for Android Device::emulator-5554

[INFO ] 2019-08-25 10:47:57.981 [Thread_0] Log - 2019-08-25 10:47:57 [INFO] [startAppiumServerForAndroidWeb:92] - *******************************************

[INFO ] 2019-08-25 10:47:59.068 [Thread_0] Log - 2019-08-25 10:47:59 [INFO] [androidWeb:69] - Setting Android Desired Capabilities:
[INFO ] 2019-08-25 10:47:59.069 [Thread_0] Log - 2019-08-25 10:47:59 [INFO] [androidWeb:69] - Setting Android Desired Capabilities:
[INFO ] 2019-08-25 10:48:20.267 [Thread_0] Log - 2019-08-25 10:48:20 [INFO] [startOfScenarioLifeCycle:196] - []
[INFO ] 2019-08-25 10:48:20.268 [Thread_0] Log - 2019-08-25 10:48:20 [INFO] [scenario:250] - #################################################
[INFO ] 2019-08-25 10:48:20.268 [Thread_0] Log - 2019-08-25 10:48:20 [INFO] [scenario:251] - 		Scenario: As user i should get error for invalid login		
[INFO ] 2019-08-25 10:48:20.268 [Thread_0] Log - 2019-08-25 10:48:20 [INFO] [scenario:252] - #################################################
[INFO ] 2019-08-26 10:50:55.307 [main] Log - 2019-08-26 10:50:55 [INFO] [getDeviceSerial:91] - Adding all android devices: emulator-5554
[INFO ] 2019-08-26 10:50:55.313 [main] Log - 2019-08-26 10:50:55 [INFO] [getAndroidDeviceSerial:77] - Adding Android devices
[INFO ] 2019-08-26 10:50:55.314 [main] Log - 2019-08-26 10:50:55 [INFO] [initializeDevices:66] - {emulator-5554=true}
[INFO ] 2019-08-26 10:50:55.323 [main] Log - 2019-08-26 10:50:55 [INFO] [parallelExecution:70] - creating directory: Logs
[INFO ] 2019-08-26 10:50:55.323 [main] Log - 2019-08-26 10:50:55 [INFO] [getDeviceInfo:55] - /Users/dhirendra.jha/Documents/TestAutomation/Mobile/cucumbermobiletest/testdata/deviceSheet.csv
[INFO ] 2019-08-26 10:50:55.324 [main] Log - 2019-08-26 10:50:55 [INFO] [getDeviceInfo:55] - /Users/dhirendra.jha/Documents/TestAutomation/Mobile/cucumbermobiletest/testdata/deviceSheet.csv
[INFO ] 2019-08-26 10:50:55.324 [main] Log - 2019-08-26 10:50:55 [INFO] [parallelExecution:86] - creating directory: ADBLogs
[INFO ] 2019-08-26 10:50:55.325 [main] Log - 2019-08-26 10:50:55 [INFO] [parallelExecution:111] - ********************************************

[INFO ] 2019-08-26 10:50:55.325 [main] Log - 2019-08-26 10:50:55 [INFO] [parallelExecution:112] - Total Number of devices detected::1

[INFO ] 2019-08-26 10:50:55.326 [main] Log - 2019-08-26 10:50:55 [INFO] [parallelExecution:113] - ********************************************

[INFO ] 2019-08-26 10:50:55.326 [main] Log - 2019-08-26 10:50:55 [INFO] [parallelExecution:114] - starting running tests in threads
[INFO ] 2019-08-26 10:50:55.787 [TestNG-tests-1] Log - 2019-08-26 10:50:55 [INFO] [feature:171] - Feature Name: LoginTest
[INFO ] 2019-08-26 10:50:55.789 [Thread_0] Log - 2019-08-26 10:50:55 [INFO] [createAppiumInstance:205] - 0parallel
[INFO ] 2019-08-26 10:50:58.944 [Thread_0] Log - 2019-08-26 10:50:58 [INFO] [startAppiumServerForAndroidWeb:90] - *******************************************

[INFO ] 2019-08-26 10:50:58.945 [Thread_0] Log - 2019-08-26 10:50:58 [INFO] [startAppiumServerForAndroidWeb:91] - Starting Appium Server for Android Device::emulator-5554

[INFO ] 2019-08-26 10:50:58.948 [Thread_0] Log - 2019-08-26 10:50:58 [INFO] [startAppiumServerForAndroidWeb:92] - *******************************************

[INFO ] 2019-08-26 10:51:00.190 [Thread_0] Log - 2019-08-26 10:51:00 [INFO] [androidWeb:69] - Setting Android Desired Capabilities:
[INFO ] 2019-08-26 10:51:00.219 [Thread_0] Log - 2019-08-26 10:51:00 [INFO] [androidWeb:69] - Setting Android Desired Capabilities:
[INFO ] 2019-08-26 10:51:25.686 [Thread_0] Log - 2019-08-26 10:51:25 [INFO] [startOfScenarioLifeCycle:196] - []
[INFO ] 2019-08-26 10:51:25.687 [Thread_0] Log - 2019-08-26 10:51:25 [INFO] [scenario:250] - #################################################
[INFO ] 2019-08-26 10:51:25.688 [Thread_0] Log - 2019-08-26 10:51:25 [INFO] [scenario:251] - 		Scenario: As user i should login with valid login		
[INFO ] 2019-08-26 10:51:25.688 [Thread_0] Log - 2019-08-26 10:51:25 [INFO] [scenario:252] - #################################################
[INFO ] 2019-08-26 10:51:56.243 [Thread_0] Log - 2019-08-26 10:51:56 [INFO] [feature:171] - Feature Name: LoginTest
[INFO ] 2019-08-26 10:51:56.244 [Thread_0] Log - 2019-08-26 10:51:56 [INFO] [createAppiumInstance:205] - 0parallel
[INFO ] 2019-08-26 10:51:56.249 [Thread_0] Log - 2019-08-26 10:51:56 [INFO] [startAppiumServerForAndroidWeb:90] - *******************************************

[INFO ] 2019-08-26 10:51:56.256 [Thread_0] Log - 2019-08-26 10:51:56 [INFO] [startAppiumServerForAndroidWeb:91] - Starting Appium Server for Android Device::emulator-5554

[INFO ] 2019-08-26 10:51:56.258 [Thread_0] Log - 2019-08-26 10:51:56 [INFO] [startAppiumServerForAndroidWeb:92] - *******************************************

[INFO ] 2019-08-26 10:51:57.360 [Thread_0] Log - 2019-08-26 10:51:57 [INFO] [androidWeb:69] - Setting Android Desired Capabilities:
[INFO ] 2019-08-26 10:51:57.361 [Thread_0] Log - 2019-08-26 10:51:57 [INFO] [androidWeb:69] - Setting Android Desired Capabilities:
[INFO ] 2019-08-26 10:52:23.272 [Thread_0] Log - 2019-08-26 10:52:23 [INFO] [startOfScenarioLifeCycle:196] - []
[INFO ] 2019-08-26 10:52:23.273 [Thread_0] Log - 2019-08-26 10:52:23 [INFO] [scenario:250] - #################################################
[INFO ] 2019-08-26 10:52:23.273 [Thread_0] Log - 2019-08-26 10:52:23 [INFO] [scenario:251] - 		Scenario: As user i should get error for invalid login		
[INFO ] 2019-08-26 10:52:23.274 [Thread_0] Log - 2019-08-26 10:52:23 [INFO] [scenario:252] - #################################################
[INFO ] 2020-06-25 19:01:28.032 [main] Log - 2020-06-25 19:01:28 [INFO] [getDeviceSerial:91] - Adding all android devices: emulator-5554
[INFO ] 2020-06-25 19:01:28.043 [main] Log - 2020-06-25 19:01:28 [INFO] [getAndroidDeviceSerial:77] - Adding Android devices
[INFO ] 2020-06-25 19:01:28.045 [main] Log - 2020-06-25 19:01:28 [INFO] [initializeDevices:66] - {emulator-5554=true}
[INFO ] 2020-06-25 19:01:28.066 [main] Log - 2020-06-25 19:01:28 [INFO] [parallelExecution:70] - creating directory: Logs
[INFO ] 2020-06-25 19:01:28.070 [main] Log - 2020-06-25 19:01:28 [INFO] [getDeviceInfo:55] - D:\Frontline\frontlinemobile\testdata\deviceSheet.csv
[INFO ] 2020-06-25 19:01:28.072 [main] Log - 2020-06-25 19:01:28 [INFO] [getDeviceInfo:55] - D:\Frontline\frontlinemobile\testdata\deviceSheet.csv
[INFO ] 2020-06-25 19:01:28.073 [main] Log - 2020-06-25 19:01:28 [INFO] [parallelExecution:86] - creating directory: ADBLogs
[INFO ] 2020-06-25 19:01:28.078 [main] Log - 2020-06-25 19:01:28 [INFO] [parallelExecution:111] - ********************************************

[INFO ] 2020-06-25 19:01:28.079 [main] Log - 2020-06-25 19:01:28 [INFO] [parallelExecution:112] - Total Number of devices detected::1

[INFO ] 2020-06-25 19:01:28.080 [main] Log - 2020-06-25 19:01:28 [INFO] [parallelExecution:113] - ********************************************

[INFO ] 2020-06-25 19:01:28.080 [main] Log - 2020-06-25 19:01:28 [INFO] [parallelExecution:114] - starting running tests in threads
[INFO ] 2020-06-25 19:02:40.221 [main] Log - 2020-06-25 19:02:40 [INFO] [getDeviceSerial:91] - Adding all android devices: emulator-5554
[INFO ] 2020-06-25 19:02:40.231 [main] Log - 2020-06-25 19:02:40 [INFO] [getAndroidDeviceSerial:77] - Adding Android devices
[INFO ] 2020-06-25 19:02:40.231 [main] Log - 2020-06-25 19:02:40 [INFO] [initializeDevices:66] - {emulator-5554=true}
[INFO ] 2020-06-25 19:02:40.252 [main] Log - 2020-06-25 19:02:40 [INFO] [parallelExecution:70] - creating directory: Logs
[INFO ] 2020-06-25 19:02:40.258 [main] Log - 2020-06-25 19:02:40 [INFO] [getDeviceInfo:55] - D:\Frontline\frontlinemobile\testdata\deviceSheet.csv
[INFO ] 2020-06-25 19:02:40.260 [main] Log - 2020-06-25 19:02:40 [INFO] [getDeviceInfo:55] - D:\Frontline\frontlinemobile\testdata\deviceSheet.csv
[INFO ] 2020-06-25 19:02:40.264 [main] Log - 2020-06-25 19:02:40 [INFO] [parallelExecution:86] - creating directory: ADBLogs
[INFO ] 2020-06-25 19:02:40.268 [main] Log - 2020-06-25 19:02:40 [INFO] [parallelExecution:111] - ********************************************

[INFO ] 2020-06-25 19:02:40.270 [main] Log - 2020-06-25 19:02:40 [INFO] [parallelExecution:112] - Total Number of devices detected::1

[INFO ] 2020-06-25 19:02:40.271 [main] Log - 2020-06-25 19:02:40 [INFO] [parallelExecution:113] - ********************************************

[INFO ] 2020-06-25 19:02:40.272 [main] Log - 2020-06-25 19:02:40 [INFO] [parallelExecution:114] - starting running tests in threads
[INFO ] 2020-06-25 19:02:41.051 [TestNG-tests-1] Log - 2020-06-25 19:02:41 [INFO] [feature:171] - Feature Name: Verify the WP Scenarios
[INFO ] 2020-06-25 19:02:41.056 [Thread_0] Log - 2020-06-25 19:02:41 [INFO] [createAppiumInstance:205] - 0parallel
[INFO ] 2020-06-25 19:02:42.318 [Thread_0] Log - 2020-06-25 19:02:42 [INFO] [startAppiumServerForAndroid:67] - *****************************************

[INFO ] 2020-06-25 19:02:42.319 [Thread_0] Log - 2020-06-25 19:02:42 [INFO] [startAppiumServerForAndroid:68] - Starting Appium Server for Android Device::emulator-5554

[INFO ] 2020-06-25 19:02:42.320 [Thread_0] Log - 2020-06-25 19:02:42 [INFO] [startAppiumServerForAndroid:69] - *****************************************

[INFO ] 2020-06-25 19:02:50.793 [Thread_0] Log - 2020-06-25 19:02:50 [INFO] [androidNative:34] - Setting Android Desired Capabilities:
[INFO ] 2020-06-25 19:02:50.794 [Thread_0] Log - 2020-06-25 19:02:50 [INFO] [androidNative:47] - emulator-555413
[INFO ] 2020-06-25 19:03:36.534 [Thread_0] Log - 2020-06-25 19:03:36 [INFO] [startOfScenarioLifeCycle:196] - []
[INFO ] 2020-06-25 19:03:36.535 [Thread_0] Log - 2020-06-25 19:03:36 [INFO] [scenario:250] - #################################################
[INFO ] 2020-06-25 19:03:36.535 [Thread_0] Log - 2020-06-25 19:03:36 [INFO] [scenario:251] - 		Scenario: Verify scrolling on Home Screen		
[INFO ] 2020-06-25 19:03:36.536 [Thread_0] Log - 2020-06-25 19:03:36 [INFO] [scenario:252] - #################################################
[INFO ] 2020-06-25 19:03:39.122 [Thread_0] Log - 2020-06-25 19:03:39 [INFO] [feature:171] - Feature Name: Verify the WP Scenarios
[INFO ] 2020-06-25 19:03:39.123 [Thread_0] Log - 2020-06-25 19:03:39 [INFO] [createAppiumInstance:205] - 0parallel
[INFO ] 2020-06-25 19:03:39.147 [Thread_0] Log - 2020-06-25 19:03:39 [INFO] [startAppiumServerForAndroid:67] - *****************************************

[INFO ] 2020-06-25 19:03:39.149 [Thread_0] Log - 2020-06-25 19:03:39 [INFO] [startAppiumServerForAndroid:68] - Starting Appium Server for Android Device::emulator-5554

[INFO ] 2020-06-25 19:03:39.151 [Thread_0] Log - 2020-06-25 19:03:39 [INFO] [startAppiumServerForAndroid:69] - *****************************************

[INFO ] 2020-06-25 19:03:45.808 [Thread_0] Log - 2020-06-25 19:03:45 [INFO] [androidNative:34] - Setting Android Desired Capabilities:
[INFO ] 2020-06-25 19:03:45.809 [Thread_0] Log - 2020-06-25 19:03:45 [INFO] [androidNative:47] - emulator-555413
[INFO ] 2020-06-25 19:03:48.082 [Thread_0] Log - 2020-06-25 19:03:48 [INFO] [startOfScenarioLifeCycle:196] - []
[INFO ] 2020-06-25 19:03:48.083 [Thread_0] Log - 2020-06-25 19:03:48 [INFO] [scenario:250] - #################################################
[INFO ] 2020-06-25 19:03:48.083 [Thread_0] Log - 2020-06-25 19:03:48 [INFO] [scenario:251] - 		Scenario: Verify login and logout scenario		
[INFO ] 2020-06-25 19:03:48.084 [Thread_0] Log - 2020-06-25 19:03:48 [INFO] [scenario:252] - #################################################
[INFO ] 2020-06-25 19:03:48.403 [Thread_0] Log - 2020-06-25 19:03:48 [INFO] [feature:171] - Feature Name: Verify the WP Scenarios
[INFO ] 2020-06-25 19:03:48.403 [Thread_0] Log - 2020-06-25 19:03:48 [INFO] [createAppiumInstance:205] - 0parallel
[INFO ] 2020-06-25 19:03:48.416 [Thread_0] Log - 2020-06-25 19:03:48 [INFO] [startAppiumServerForAndroid:67] - *****************************************

[INFO ] 2020-06-25 19:03:48.417 [Thread_0] Log - 2020-06-25 19:03:48 [INFO] [startAppiumServerForAndroid:68] - Starting Appium Server for Android Device::emulator-5554

[INFO ] 2020-06-25 19:03:48.418 [Thread_0] Log - 2020-06-25 19:03:48 [INFO] [startAppiumServerForAndroid:69] - *****************************************

[INFO ] 2020-06-25 19:03:54.295 [Thread_0] Log - 2020-06-25 19:03:54 [INFO] [androidNative:34] - Setting Android Desired Capabilities:
[INFO ] 2020-06-25 19:03:54.296 [Thread_0] Log - 2020-06-25 19:03:54 [INFO] [androidNative:47] - emulator-555413
[INFO ] 2020-06-25 19:03:56.899 [Thread_0] Log - 2020-06-25 19:03:56 [INFO] [startOfScenarioLifeCycle:196] - []
[INFO ] 2020-06-25 19:03:56.899 [Thread_0] Log - 2020-06-25 19:03:56 [INFO] [scenario:250] - #################################################
[INFO ] 2020-06-25 19:03:56.900 [Thread_0] Log - 2020-06-25 19:03:56 [INFO] [scenario:251] - 		Scenario: Verify Invalid login scenario		
[INFO ] 2020-06-25 19:03:56.900 [Thread_0] Log - 2020-06-25 19:03:56 [INFO] [scenario:252] - #################################################
[INFO ] 2020-06-25 19:20:22.757 [main] Log - 2020-06-25 19:20:22 [INFO] [getDeviceSerial:91] - Adding all android devices: emulator-5554
[INFO ] 2020-06-25 19:20:22.770 [main] Log - 2020-06-25 19:20:22 [INFO] [getAndroidDeviceSerial:77] - Adding Android devices
[INFO ] 2020-06-25 19:20:22.772 [main] Log - 2020-06-25 19:20:22 [INFO] [initializeDevices:66] - {emulator-5554=true}
[INFO ] 2020-06-25 19:20:22.813 [main] Log - 2020-06-25 19:20:22 [INFO] [getDeviceInfo:55] - D:\Frontline\frontlinemobile\testdata\deviceSheet.csv
[INFO ] 2020-06-25 19:20:22.815 [main] Log - 2020-06-25 19:20:22 [INFO] [getDeviceInfo:55] - D:\Frontline\frontlinemobile\testdata\deviceSheet.csv
[INFO ] 2020-06-25 19:20:22.817 [main] Log - 2020-06-25 19:20:22 [INFO] [parallelExecution:111] - ********************************************

[INFO ] 2020-06-25 19:20:22.818 [main] Log - 2020-06-25 19:20:22 [INFO] [parallelExecution:112] - Total Number of devices detected::1

[INFO ] 2020-06-25 19:20:22.819 [main] Log - 2020-06-25 19:20:22 [INFO] [parallelExecution:113] - ********************************************

[INFO ] 2020-06-25 19:20:22.820 [main] Log - 2020-06-25 19:20:22 [INFO] [parallelExecution:114] - starting running tests in threads
[INFO ] 2020-06-25 19:21:20.547 [main] Log - 2020-06-25 19:21:20 [INFO] [getDeviceSerial:91] - Adding all android devices: emulator-5554
[INFO ] 2020-06-25 19:21:20.555 [main] Log - 2020-06-25 19:21:20 [INFO] [getAndroidDeviceSerial:77] - Adding Android devices
[INFO ] 2020-06-25 19:21:20.555 [main] Log - 2020-06-25 19:21:20 [INFO] [initializeDevices:66] - {emulator-5554=true}
[INFO ] 2020-06-25 19:21:20.565 [main] Log - 2020-06-25 19:21:20 [INFO] [getDeviceInfo:55] - D:\Frontline\frontlinemobile\testdata\deviceSheet.csv
[INFO ] 2020-06-25 19:21:20.566 [main] Log - 2020-06-25 19:21:20 [INFO] [getDeviceInfo:55] - D:\Frontline\frontlinemobile\testdata\deviceSheet.csv
[INFO ] 2020-06-25 19:21:20.567 [main] Log - 2020-06-25 19:21:20 [INFO] [parallelExecution:111] - ********************************************

[INFO ] 2020-06-25 19:21:20.568 [main] Log - 2020-06-25 19:21:20 [INFO] [parallelExecution:112] - Total Number of devices detected::1

[INFO ] 2020-06-25 19:21:20.568 [main] Log - 2020-06-25 19:21:20 [INFO] [parallelExecution:113] - ********************************************

[INFO ] 2020-06-25 19:21:20.568 [main] Log - 2020-06-25 19:21:20 [INFO] [parallelExecution:114] - starting running tests in threads
[INFO ] 2020-06-25 19:25:46.705 [main] Log - 2020-06-25 19:25:46 [INFO] [getDeviceSerial:91] - Adding all android devices: emulator-5554
[INFO ] 2020-06-25 19:25:46.714 [main] Log - 2020-06-25 19:25:46 [INFO] [getAndroidDeviceSerial:77] - Adding Android devices
[INFO ] 2020-06-25 19:25:46.715 [main] Log - 2020-06-25 19:25:46 [INFO] [initializeDevices:66] - {emulator-5554=true}
[INFO ] 2020-06-25 19:25:46.731 [main] Log - 2020-06-25 19:25:46 [INFO] [parallelExecution:70] - creating directory: Logs
[INFO ] 2020-06-25 19:25:46.737 [main] Log - 2020-06-25 19:25:46 [INFO] [getDeviceInfo:55] - D:\Frontline\frontlinemobile\testdata\deviceSheet.csv
[INFO ] 2020-06-25 19:25:46.739 [main] Log - 2020-06-25 19:25:46 [INFO] [getDeviceInfo:55] - D:\Frontline\frontlinemobile\testdata\deviceSheet.csv
[INFO ] 2020-06-25 19:25:46.741 [main] Log - 2020-06-25 19:25:46 [INFO] [parallelExecution:86] - creating directory: ADBLogs
[INFO ] 2020-06-25 19:25:46.745 [main] Log - 2020-06-25 19:25:46 [INFO] [parallelExecution:111] - ********************************************

[INFO ] 2020-06-25 19:25:46.746 [main] Log - 2020-06-25 19:25:46 [INFO] [parallelExecution:112] - Total Number of devices detected::1

[INFO ] 2020-06-25 19:25:46.747 [main] Log - 2020-06-25 19:25:46 [INFO] [parallelExecution:113] - ********************************************

[INFO ] 2020-06-25 19:25:46.747 [main] Log - 2020-06-25 19:25:46 [INFO] [parallelExecution:114] - starting running tests in threads
[INFO ] 2020-06-25 19:27:22.053 [main] Log - 2020-06-25 19:27:22 [INFO] [getDeviceSerial:91] - Adding all android devices: emulator-5554
[INFO ] 2020-06-25 19:27:22.089 [main] Log - 2020-06-25 19:27:22 [INFO] [getAndroidDeviceSerial:77] - Adding Android devices
[INFO ] 2020-06-25 19:27:22.091 [main] Log - 2020-06-25 19:27:22 [INFO] [initializeDevices:66] - {emulator-5554=true}
[INFO ] 2020-06-25 19:27:22.116 [main] Log - 2020-06-25 19:27:22 [INFO] [parallelExecution:70] - creating directory: Logs
[INFO ] 2020-06-25 19:27:22.132 [main] Log - 2020-06-25 19:27:22 [INFO] [getDeviceInfo:55] - D:\Frontline\frontlinemobile\testdata\deviceSheet.csv
[INFO ] 2020-06-25 19:27:22.134 [main] Log - 2020-06-25 19:27:22 [INFO] [getDeviceInfo:55] - D:\Frontline\frontlinemobile\testdata\deviceSheet.csv
[INFO ] 2020-06-25 19:27:22.135 [main] Log - 2020-06-25 19:27:22 [INFO] [parallelExecution:86] - creating directory: ADBLogs
[INFO ] 2020-06-25 19:27:22.146 [main] Log - 2020-06-25 19:27:22 [INFO] [parallelExecution:111] - ********************************************

[INFO ] 2020-06-25 19:27:22.147 [main] Log - 2020-06-25 19:27:22 [INFO] [parallelExecution:112] - Total Number of devices detected::1

[INFO ] 2020-06-25 19:27:22.147 [main] Log - 2020-06-25 19:27:22 [INFO] [parallelExecution:113] - ********************************************

[INFO ] 2020-06-25 19:27:22.148 [main] Log - 2020-06-25 19:27:22 [INFO] [parallelExecution:114] - starting running tests in threads
[INFO ] 2020-06-25 19:27:22.963 [TestNG-tests-1] Log - 2020-06-25 19:27:22 [INFO] [feature:171] - Feature Name: Verify the Login Scenarios
[INFO ] 2020-06-25 19:27:22.966 [Thread_0] Log - 2020-06-25 19:27:22 [INFO] [createAppiumInstance:205] - 0parallel
[INFO ] 2020-06-25 19:27:23.833 [Thread_0] Log - 2020-06-25 19:27:23 [INFO] [startAppiumServerForAndroid:67] - *****************************************

[INFO ] 2020-06-25 19:27:23.833 [Thread_0] Log - 2020-06-25 19:27:23 [INFO] [startAppiumServerForAndroid:68] - Starting Appium Server for Android Device::emulator-5554

[INFO ] 2020-06-25 19:27:23.834 [Thread_0] Log - 2020-06-25 19:27:23 [INFO] [startAppiumServerForAndroid:69] - *****************************************

[INFO ] 2020-06-25 19:27:32.568 [Thread_0] Log - 2020-06-25 19:27:32 [INFO] [androidNative:34] - Setting Android Desired Capabilities:
[INFO ] 2020-06-25 19:27:32.570 [Thread_0] Log - 2020-06-25 19:27:32 [INFO] [androidNative:47] - emulator-555413
[INFO ] 2020-06-25 19:28:00.583 [Thread_0] Log - 2020-06-25 19:28:00 [INFO] [startOfScenarioLifeCycle:196] - []
[INFO ] 2020-06-25 19:28:00.583 [Thread_0] Log - 2020-06-25 19:28:00 [INFO] [scenario:250] - #################################################
[INFO ] 2020-06-25 19:28:00.584 [Thread_0] Log - 2020-06-25 19:28:00 [INFO] [scenario:251] - 		Scenario: Login with Valid credentials		
[INFO ] 2020-06-25 19:28:00.585 [Thread_0] Log - 2020-06-25 19:28:00 [INFO] [scenario:252] - #################################################
[INFO ] 2020-06-25 19:28:03.557 [Thread_0] Log - 2020-06-25 19:28:03 [INFO] [feature:171] - Feature Name: Verify the Login Scenarios
[INFO ] 2020-06-25 19:28:03.558 [Thread_0] Log - 2020-06-25 19:28:03 [INFO] [createAppiumInstance:205] - 0parallel
[INFO ] 2020-06-25 19:28:03.584 [Thread_0] Log - 2020-06-25 19:28:03 [INFO] [startAppiumServerForAndroid:67] - *****************************************

[INFO ] 2020-06-25 19:28:03.584 [Thread_0] Log - 2020-06-25 19:28:03 [INFO] [startAppiumServerForAndroid:68] - Starting Appium Server for Android Device::emulator-5554

[INFO ] 2020-06-25 19:28:03.585 [Thread_0] Log - 2020-06-25 19:28:03 [INFO] [startAppiumServerForAndroid:69] - *****************************************

[INFO ] 2020-06-25 19:28:10.305 [Thread_0] Log - 2020-06-25 19:28:10 [INFO] [androidNative:34] - Setting Android Desired Capabilities:
[INFO ] 2020-06-25 19:28:10.306 [Thread_0] Log - 2020-06-25 19:28:10 [INFO] [androidNative:47] - emulator-555413
[INFO ] 2020-06-25 19:28:12.648 [Thread_0] Log - 2020-06-25 19:28:12 [INFO] [startOfScenarioLifeCycle:196] - []
[INFO ] 2020-06-25 19:28:12.648 [Thread_0] Log - 2020-06-25 19:28:12 [INFO] [scenario:250] - #################################################
[INFO ] 2020-06-25 19:28:12.649 [Thread_0] Log - 2020-06-25 19:28:12 [INFO] [scenario:251] - 		Scenario: Login with invalid userName		
[INFO ] 2020-06-25 19:28:12.649 [Thread_0] Log - 2020-06-25 19:28:12 [INFO] [scenario:252] - #################################################
[INFO ] 2020-06-25 19:31:55.510 [main] Log - 2020-06-25 19:31:55 [INFO] [getDeviceSerial:91] - Adding all android devices: emulator-5554
[INFO ] 2020-06-25 19:31:55.524 [main] Log - 2020-06-25 19:31:55 [INFO] [getAndroidDeviceSerial:77] - Adding Android devices
[INFO ] 2020-06-25 19:31:55.525 [main] Log - 2020-06-25 19:31:55 [INFO] [initializeDevices:66] - {emulator-5554=true}
[INFO ] 2020-06-25 19:31:55.544 [main] Log - 2020-06-25 19:31:55 [INFO] [parallelExecution:70] - creating directory: Logs
[INFO ] 2020-06-25 19:31:55.551 [main] Log - 2020-06-25 19:31:55 [INFO] [getDeviceInfo:55] - D:\Frontline\frontlinemobile\testdata\deviceSheet.csv
[INFO ] 2020-06-25 19:31:55.553 [main] Log - 2020-06-25 19:31:55 [INFO] [getDeviceInfo:55] - D:\Frontline\frontlinemobile\testdata\deviceSheet.csv
[INFO ] 2020-06-25 19:31:55.555 [main] Log - 2020-06-25 19:31:55 [INFO] [parallelExecution:86] - creating directory: ADBLogs
[INFO ] 2020-06-25 19:31:55.563 [main] Log - 2020-06-25 19:31:55 [INFO] [parallelExecution:111] - ********************************************

[INFO ] 2020-06-25 19:31:55.567 [main] Log - 2020-06-25 19:31:55 [INFO] [parallelExecution:112] - Total Number of devices detected::1

[INFO ] 2020-06-25 19:31:55.569 [main] Log - 2020-06-25 19:31:55 [INFO] [parallelExecution:113] - ********************************************

[INFO ] 2020-06-25 19:31:55.569 [main] Log - 2020-06-25 19:31:55 [INFO] [parallelExecution:114] - starting running tests in threads
[INFO ] 2020-06-25 19:31:56.364 [TestNG-tests-1] Log - 2020-06-25 19:31:56 [INFO] [feature:171] - Feature Name: Verify the Login Scenarios
[INFO ] 2020-06-25 19:31:56.367 [Thread_0] Log - 2020-06-25 19:31:56 [INFO] [createAppiumInstance:205] - 0parallel
[INFO ] 2020-06-25 19:31:57.284 [Thread_0] Log - 2020-06-25 19:31:57 [INFO] [startAppiumServerForAndroid:67] - *****************************************

[INFO ] 2020-06-25 19:31:57.285 [Thread_0] Log - 2020-06-25 19:31:57 [INFO] [startAppiumServerForAndroid:68] - Starting Appium Server for Android Device::emulator-5554

[INFO ] 2020-06-25 19:31:57.286 [Thread_0] Log - 2020-06-25 19:31:57 [INFO] [startAppiumServerForAndroid:69] - *****************************************

[INFO ] 2020-06-25 19:32:03.959 [Thread_0] Log - 2020-06-25 19:32:03 [INFO] [androidNative:34] - Setting Android Desired Capabilities:
[INFO ] 2020-06-25 19:32:03.960 [Thread_0] Log - 2020-06-25 19:32:03 [INFO] [androidNative:47] - emulator-555413
[INFO ] 2020-06-25 19:32:32.191 [Thread_0] Log - 2020-06-25 19:32:32 [INFO] [startOfScenarioLifeCycle:196] - []
[INFO ] 2020-06-25 19:32:32.192 [Thread_0] Log - 2020-06-25 19:32:32 [INFO] [scenario:250] - #################################################
[INFO ] 2020-06-25 19:32:32.193 [Thread_0] Log - 2020-06-25 19:32:32 [INFO] [scenario:251] - 		Scenario: Login with Valid credentials		
[INFO ] 2020-06-25 19:32:32.193 [Thread_0] Log - 2020-06-25 19:32:32 [INFO] [scenario:252] - #################################################
[INFO ] 2020-06-25 19:32:35.978 [Thread_0] Log - 2020-06-25 19:32:35 [INFO] [feature:171] - Feature Name: Verify the Login Scenarios
[INFO ] 2020-06-25 19:32:35.979 [Thread_0] Log - 2020-06-25 19:32:35 [INFO] [createAppiumInstance:205] - 0parallel
[INFO ] 2020-06-25 19:32:36.032 [Thread_0] Log - 2020-06-25 19:32:36 [INFO] [startAppiumServerForAndroid:67] - *****************************************

[INFO ] 2020-06-25 19:32:36.033 [Thread_0] Log - 2020-06-25 19:32:36 [INFO] [startAppiumServerForAndroid:68] - Starting Appium Server for Android Device::emulator-5554

[INFO ] 2020-06-25 19:32:36.034 [Thread_0] Log - 2020-06-25 19:32:36 [INFO] [startAppiumServerForAndroid:69] - *****************************************

[INFO ] 2020-06-25 19:32:43.901 [Thread_0] Log - 2020-06-25 19:32:43 [INFO] [androidNative:34] - Setting Android Desired Capabilities:
[INFO ] 2020-06-25 19:32:43.903 [Thread_0] Log - 2020-06-25 19:32:43 [INFO] [androidNative:47] - emulator-555413
[INFO ] 2020-06-25 19:32:46.373 [Thread_0] Log - 2020-06-25 19:32:46 [INFO] [startOfScenarioLifeCycle:196] - []
[INFO ] 2020-06-25 19:32:46.374 [Thread_0] Log - 2020-06-25 19:32:46 [INFO] [scenario:250] - #################################################
[INFO ] 2020-06-25 19:32:46.374 [Thread_0] Log - 2020-06-25 19:32:46 [INFO] [scenario:251] - 		Scenario: Login with invalid userName		
[INFO ] 2020-06-25 19:32:46.375 [Thread_0] Log - 2020-06-25 19:32:46 [INFO] [scenario:252] - #################################################
[INFO ] 2020-06-25 19:33:51.943 [main] Log - 2020-06-25 19:33:51 [INFO] [getDeviceSerial:91] - Adding all android devices: emulator-5554
[INFO ] 2020-06-25 19:33:51.951 [main] Log - 2020-06-25 19:33:51 [INFO] [getAndroidDeviceSerial:77] - Adding Android devices
[INFO ] 2020-06-25 19:33:51.952 [main] Log - 2020-06-25 19:33:51 [INFO] [initializeDevices:66] - {emulator-5554=true}
[INFO ] 2020-06-25 19:33:51.963 [main] Log - 2020-06-25 19:33:51 [INFO] [getDeviceInfo:55] - D:\Frontline\frontlinemobile\testdata\deviceSheet.csv
[INFO ] 2020-06-25 19:33:51.964 [main] Log - 2020-06-25 19:33:51 [INFO] [getDeviceInfo:55] - D:\Frontline\frontlinemobile\testdata\deviceSheet.csv
[INFO ] 2020-06-25 19:33:51.965 [main] Log - 2020-06-25 19:33:51 [INFO] [parallelExecution:111] - ********************************************

[INFO ] 2020-06-25 19:33:51.966 [main] Log - 2020-06-25 19:33:51 [INFO] [parallelExecution:112] - Total Number of devices detected::1

[INFO ] 2020-06-25 19:33:51.966 [main] Log - 2020-06-25 19:33:51 [INFO] [parallelExecution:113] - ********************************************

[INFO ] 2020-06-25 19:33:51.967 [main] Log - 2020-06-25 19:33:51 [INFO] [parallelExecution:114] - starting running tests in threads
[INFO ] 2020-06-25 19:33:53.051 [TestNG-tests-1] Log - 2020-06-25 19:33:53 [INFO] [feature:171] - Feature Name: Verify the Login Scenarios
[INFO ] 2020-06-25 19:33:53.053 [Thread_0] Log - 2020-06-25 19:33:53 [INFO] [createAppiumInstance:205] - 0parallel
[INFO ] 2020-06-25 19:33:53.970 [Thread_0] Log - 2020-06-25 19:33:53 [INFO] [startAppiumServerForAndroid:67] - *****************************************

[INFO ] 2020-06-25 19:33:53.971 [Thread_0] Log - 2020-06-25 19:33:53 [INFO] [startAppiumServerForAndroid:68] - Starting Appium Server for Android Device::emulator-5554

[INFO ] 2020-06-25 19:33:53.971 [Thread_0] Log - 2020-06-25 19:33:53 [INFO] [startAppiumServerForAndroid:69] - *****************************************

[INFO ] 2020-06-25 19:34:00.726 [Thread_0] Log - 2020-06-25 19:34:00 [INFO] [androidNative:34] - Setting Android Desired Capabilities:
[INFO ] 2020-06-25 19:34:00.727 [Thread_0] Log - 2020-06-25 19:34:00 [INFO] [androidNative:47] - emulator-555412
[INFO ] 2020-06-25 19:34:04.368 [Thread_0] Log - 2020-06-25 19:34:04 [INFO] [startOfScenarioLifeCycle:196] - []
[INFO ] 2020-06-25 19:34:04.369 [Thread_0] Log - 2020-06-25 19:34:04 [INFO] [scenario:250] - #################################################
[INFO ] 2020-06-25 19:34:04.370 [Thread_0] Log - 2020-06-25 19:34:04 [INFO] [scenario:251] - 		Scenario: Login with Valid credentials		
[INFO ] 2020-06-25 19:34:04.370 [Thread_0] Log - 2020-06-25 19:34:04 [INFO] [scenario:252] - #################################################
[INFO ] 2020-06-25 19:34:05.794 [Thread_0] Log - 2020-06-25 19:34:05 [INFO] [feature:171] - Feature Name: Verify the Login Scenarios
[INFO ] 2020-06-25 19:34:05.795 [Thread_0] Log - 2020-06-25 19:34:05 [INFO] [createAppiumInstance:205] - 0parallel
[INFO ] 2020-06-25 19:34:05.804 [Thread_0] Log - 2020-06-25 19:34:05 [INFO] [startAppiumServerForAndroid:67] - *****************************************

[INFO ] 2020-06-25 19:34:05.804 [Thread_0] Log - 2020-06-25 19:34:05 [INFO] [startAppiumServerForAndroid:68] - Starting Appium Server for Android Device::emulator-5554

[INFO ] 2020-06-25 19:34:05.805 [Thread_0] Log - 2020-06-25 19:34:05 [INFO] [startAppiumServerForAndroid:69] - *****************************************

[INFO ] 2020-06-25 19:34:15.161 [Thread_0] Log - 2020-06-25 19:34:15 [INFO] [androidNative:34] - Setting Android Desired Capabilities:
[INFO ] 2020-06-25 19:34:15.162 [Thread_0] Log - 2020-06-25 19:34:15 [INFO] [androidNative:47] - emulator-555412
[INFO ] 2020-06-25 19:34:17.284 [Thread_0] Log - 2020-06-25 19:34:17 [INFO] [startOfScenarioLifeCycle:196] - []
[INFO ] 2020-06-25 19:34:17.284 [Thread_0] Log - 2020-06-25 19:34:17 [INFO] [scenario:250] - #################################################
[INFO ] 2020-06-25 19:34:17.285 [Thread_0] Log - 2020-06-25 19:34:17 [INFO] [scenario:251] - 		Scenario: Login with invalid userName		
[INFO ] 2020-06-25 19:34:17.286 [Thread_0] Log - 2020-06-25 19:34:17 [INFO] [scenario:252] - #################################################
[INFO ] 2020-06-25 19:34:37.182 [main] Log - 2020-06-25 19:34:37 [INFO] [getDeviceSerial:91] - Adding all android devices: emulator-5554
[INFO ] 2020-06-25 19:34:37.191 [main] Log - 2020-06-25 19:34:37 [INFO] [getAndroidDeviceSerial:77] - Adding Android devices
[INFO ] 2020-06-25 19:34:37.192 [main] Log - 2020-06-25 19:34:37 [INFO] [initializeDevices:66] - {emulator-5554=true}
[INFO ] 2020-06-25 19:34:37.201 [main] Log - 2020-06-25 19:34:37 [INFO] [getDeviceInfo:55] - D:\Frontline\frontlinemobile\testdata\deviceSheet.csv
[INFO ] 2020-06-25 19:34:37.202 [main] Log - 2020-06-25 19:34:37 [INFO] [getDeviceInfo:55] - D:\Frontline\frontlinemobile\testdata\deviceSheet.csv
[INFO ] 2020-06-25 19:34:37.206 [main] Log - 2020-06-25 19:34:37 [INFO] [parallelExecution:111] - ********************************************

[INFO ] 2020-06-25 19:34:37.207 [main] Log - 2020-06-25 19:34:37 [INFO] [parallelExecution:112] - Total Number of devices detected::1

[INFO ] 2020-06-25 19:34:37.208 [main] Log - 2020-06-25 19:34:37 [INFO] [parallelExecution:113] - ********************************************

[INFO ] 2020-06-25 19:34:37.210 [main] Log - 2020-06-25 19:34:37 [INFO] [parallelExecution:114] - starting running tests in threads
[INFO ] 2020-06-25 19:34:38.446 [TestNG-tests-1] Log - 2020-06-25 19:34:38 [INFO] [feature:171] - Feature Name: Verify the Login Scenarios
[INFO ] 2020-06-25 19:34:38.447 [Thread_0] Log - 2020-06-25 19:34:38 [INFO] [createAppiumInstance:205] - 0parallel
[INFO ] 2020-06-25 19:34:39.486 [Thread_0] Log - 2020-06-25 19:34:39 [INFO] [startAppiumServerForAndroid:67] - *****************************************

[INFO ] 2020-06-25 19:34:39.487 [Thread_0] Log - 2020-06-25 19:34:39 [INFO] [startAppiumServerForAndroid:68] - Starting Appium Server for Android Device::emulator-5554

[INFO ] 2020-06-25 19:34:39.487 [Thread_0] Log - 2020-06-25 19:34:39 [INFO] [startAppiumServerForAndroid:69] - *****************************************

[INFO ] 2020-06-25 19:34:46.300 [Thread_0] Log - 2020-06-25 19:34:46 [INFO] [androidNative:34] - Setting Android Desired Capabilities:
[INFO ] 2020-06-25 19:34:46.301 [Thread_0] Log - 2020-06-25 19:34:46 [INFO] [androidNative:47] - emulator-555412
[INFO ] 2020-06-25 19:34:48.592 [Thread_0] Log - 2020-06-25 19:34:48 [INFO] [startOfScenarioLifeCycle:196] - []
[INFO ] 2020-06-25 19:34:48.593 [Thread_0] Log - 2020-06-25 19:34:48 [INFO] [scenario:250] - #################################################
[INFO ] 2020-06-25 19:34:48.594 [Thread_0] Log - 2020-06-25 19:34:48 [INFO] [scenario:251] - 		Scenario: Login with Valid credentials		
[INFO ] 2020-06-25 19:34:48.594 [Thread_0] Log - 2020-06-25 19:34:48 [INFO] [scenario:252] - #################################################
[INFO ] 2020-06-25 19:34:49.362 [Thread_0] Log - 2020-06-25 19:34:49 [INFO] [feature:171] - Feature Name: Verify the Login Scenarios
[INFO ] 2020-06-25 19:34:49.363 [Thread_0] Log - 2020-06-25 19:34:49 [INFO] [createAppiumInstance:205] - 0parallel
[INFO ] 2020-06-25 19:34:49.376 [Thread_0] Log - 2020-06-25 19:34:49 [INFO] [startAppiumServerForAndroid:67] - *****************************************

[INFO ] 2020-06-25 19:34:49.377 [Thread_0] Log - 2020-06-25 19:34:49 [INFO] [startAppiumServerForAndroid:68] - Starting Appium Server for Android Device::emulator-5554

[INFO ] 2020-06-25 19:34:49.377 [Thread_0] Log - 2020-06-25 19:34:49 [INFO] [startAppiumServerForAndroid:69] - *****************************************

[INFO ] 2020-06-25 19:34:56.042 [Thread_0] Log - 2020-06-25 19:34:56 [INFO] [androidNative:34] - Setting Android Desired Capabilities:
[INFO ] 2020-06-25 19:34:56.044 [Thread_0] Log - 2020-06-25 19:34:56 [INFO] [androidNative:47] - emulator-555412
[INFO ] 2020-06-25 19:34:58.319 [Thread_0] Log - 2020-06-25 19:34:58 [INFO] [startOfScenarioLifeCycle:196] - []
[INFO ] 2020-06-25 19:34:58.320 [Thread_0] Log - 2020-06-25 19:34:58 [INFO] [scenario:250] - #################################################
[INFO ] 2020-06-25 19:34:58.320 [Thread_0] Log - 2020-06-25 19:34:58 [INFO] [scenario:251] - 		Scenario: Login with invalid userName		
[INFO ] 2020-06-25 19:34:58.321 [Thread_0] Log - 2020-06-25 19:34:58 [INFO] [scenario:252] - #################################################
[INFO ] 2020-06-25 19:35:31.740 [main] Log - 2020-06-25 19:35:31 [INFO] [getDeviceSerial:91] - Adding all android devices: emulator-5554
[INFO ] 2020-06-25 19:35:31.752 [main] Log - 2020-06-25 19:35:31 [INFO] [getAndroidDeviceSerial:77] - Adding Android devices
[INFO ] 2020-06-25 19:35:31.753 [main] Log - 2020-06-25 19:35:31 [INFO] [initializeDevices:66] - {emulator-5554=true}
[INFO ] 2020-06-25 19:35:31.766 [main] Log - 2020-06-25 19:35:31 [INFO] [getDeviceInfo:55] - D:\Frontline\frontlinemobile\testdata\deviceSheet.csv
[INFO ] 2020-06-25 19:35:31.770 [main] Log - 2020-06-25 19:35:31 [INFO] [getDeviceInfo:55] - D:\Frontline\frontlinemobile\testdata\deviceSheet.csv
[INFO ] 2020-06-25 19:35:31.771 [main] Log - 2020-06-25 19:35:31 [INFO] [parallelExecution:111] - ********************************************

[INFO ] 2020-06-25 19:35:31.772 [main] Log - 2020-06-25 19:35:31 [INFO] [parallelExecution:112] - Total Number of devices detected::1

[INFO ] 2020-06-25 19:35:31.772 [main] Log - 2020-06-25 19:35:31 [INFO] [parallelExecution:113] - ********************************************

[INFO ] 2020-06-25 19:35:31.773 [main] Log - 2020-06-25 19:35:31 [INFO] [parallelExecution:114] - starting running tests in threads
[INFO ] 2020-06-25 19:35:32.908 [TestNG-tests-1] Log - 2020-06-25 19:35:32 [INFO] [feature:171] - Feature Name: Verify the Login Scenarios
[INFO ] 2020-06-25 19:35:32.910 [Thread_0] Log - 2020-06-25 19:35:32 [INFO] [createAppiumInstance:205] - 0parallel
[INFO ] 2020-06-25 19:35:33.863 [Thread_0] Log - 2020-06-25 19:35:33 [INFO] [startAppiumServerForAndroid:67] - *****************************************

[INFO ] 2020-06-25 19:35:33.863 [Thread_0] Log - 2020-06-25 19:35:33 [INFO] [startAppiumServerForAndroid:68] - Starting Appium Server for Android Device::emulator-5554

[INFO ] 2020-06-25 19:35:33.864 [Thread_0] Log - 2020-06-25 19:35:33 [INFO] [startAppiumServerForAndroid:69] - *****************************************

[INFO ] 2020-06-25 19:35:40.535 [Thread_0] Log - 2020-06-25 19:35:40 [INFO] [androidNative:34] - Setting Android Desired Capabilities:
[INFO ] 2020-06-25 19:35:40.535 [Thread_0] Log - 2020-06-25 19:35:40 [INFO] [androidNative:47] - emulator-555412
[INFO ] 2020-06-25 19:35:43.112 [Thread_0] Log - 2020-06-25 19:35:43 [INFO] [startOfScenarioLifeCycle:196] - []
[INFO ] 2020-06-25 19:35:43.113 [Thread_0] Log - 2020-06-25 19:35:43 [INFO] [scenario:250] - #################################################
[INFO ] 2020-06-25 19:35:43.113 [Thread_0] Log - 2020-06-25 19:35:43 [INFO] [scenario:251] - 		Scenario: Login with Valid credentials		
[INFO ] 2020-06-25 19:35:43.114 [Thread_0] Log - 2020-06-25 19:35:43 [INFO] [scenario:252] - #################################################
[INFO ] 2020-06-25 19:35:43.644 [Thread_0] Log - 2020-06-25 19:35:43 [INFO] [feature:171] - Feature Name: Verify the Login Scenarios
[INFO ] 2020-06-25 19:35:43.645 [Thread_0] Log - 2020-06-25 19:35:43 [INFO] [createAppiumInstance:205] - 0parallel
[INFO ] 2020-06-25 19:35:43.650 [Thread_0] Log - 2020-06-25 19:35:43 [INFO] [startAppiumServerForAndroid:67] - *****************************************

[INFO ] 2020-06-25 19:35:43.651 [Thread_0] Log - 2020-06-25 19:35:43 [INFO] [startAppiumServerForAndroid:68] - Starting Appium Server for Android Device::emulator-5554

[INFO ] 2020-06-25 19:35:43.652 [Thread_0] Log - 2020-06-25 19:35:43 [INFO] [startAppiumServerForAndroid:69] - *****************************************

[INFO ] 2020-06-25 19:35:50.249 [Thread_0] Log - 2020-06-25 19:35:50 [INFO] [androidNative:34] - Setting Android Desired Capabilities:
[INFO ] 2020-06-25 19:35:50.251 [Thread_0] Log - 2020-06-25 19:35:50 [INFO] [androidNative:47] - emulator-555412
[INFO ] 2020-06-25 19:35:52.518 [Thread_0] Log - 2020-06-25 19:35:52 [INFO] [startOfScenarioLifeCycle:196] - []
[INFO ] 2020-06-25 19:35:52.519 [Thread_0] Log - 2020-06-25 19:35:52 [INFO] [scenario:250] - #################################################
[INFO ] 2020-06-25 19:35:52.519 [Thread_0] Log - 2020-06-25 19:35:52 [INFO] [scenario:251] - 		Scenario: Login with invalid userName		
[INFO ] 2020-06-25 19:35:52.520 [Thread_0] Log - 2020-06-25 19:35:52 [INFO] [scenario:252] - #################################################
[INFO ] 2020-06-25 20:08:15.058 [main] Log - 2020-06-25 20:08:15 [INFO] [getDeviceSerial:91] - Adding all android devices: emulator-5554
[INFO ] 2020-06-25 20:08:15.074 [main] Log - 2020-06-25 20:08:15 [INFO] [getAndroidDeviceSerial:77] - Adding Android devices
[INFO ] 2020-06-25 20:08:15.076 [main] Log - 2020-06-25 20:08:15 [INFO] [initializeDevices:66] - {emulator-5554=true}
[INFO ] 2020-06-25 20:08:15.109 [main] Log - 2020-06-25 20:08:15 [INFO] [getDeviceInfo:55] - D:\Frontline\frontlinemobile\testdata\deviceSheet.csv
[INFO ] 2020-06-25 20:08:15.111 [main] Log - 2020-06-25 20:08:15 [INFO] [getDeviceInfo:55] - D:\Frontline\frontlinemobile\testdata\deviceSheet.csv
[INFO ] 2020-06-25 20:08:15.113 [main] Log - 2020-06-25 20:08:15 [INFO] [parallelExecution:111] - ********************************************

[INFO ] 2020-06-25 20:08:15.114 [main] Log - 2020-06-25 20:08:15 [INFO] [parallelExecution:112] - Total Number of devices detected::1

[INFO ] 2020-06-25 20:08:15.115 [main] Log - 2020-06-25 20:08:15 [INFO] [parallelExecution:113] - ********************************************

[INFO ] 2020-06-25 20:08:15.115 [main] Log - 2020-06-25 20:08:15 [INFO] [parallelExecution:114] - starting running tests in threads
[INFO ] 2020-06-25 20:08:17.152 [TestNG-tests-1] Log - 2020-06-25 20:08:17 [INFO] [feature:171] - Feature Name: Verify the Login Scenarios
[INFO ] 2020-06-25 20:08:17.154 [Thread_0] Log - 2020-06-25 20:08:17 [INFO] [createAppiumInstance:205] - 0parallel
[INFO ] 2020-06-25 20:08:19.227 [Thread_0] Log - 2020-06-25 20:08:19 [INFO] [startAppiumServerForAndroid:67] - *****************************************

[INFO ] 2020-06-25 20:08:19.228 [Thread_0] Log - 2020-06-25 20:08:19 [INFO] [startAppiumServerForAndroid:68] - Starting Appium Server for Android Device::emulator-5554

[INFO ] 2020-06-25 20:08:19.229 [Thread_0] Log - 2020-06-25 20:08:19 [INFO] [startAppiumServerForAndroid:69] - *****************************************

[INFO ] 2020-06-25 20:08:31.328 [Thread_0] Log - 2020-06-25 20:08:31 [INFO] [androidNative:34] - Setting Android Desired Capabilities:
[INFO ] 2020-06-25 20:08:31.329 [Thread_0] Log - 2020-06-25 20:08:31 [INFO] [androidNative:47] - emulator-555412
[INFO ] 2020-06-25 20:08:37.206 [Thread_0] Log - 2020-06-25 20:08:37 [INFO] [startOfScenarioLifeCycle:196] - []
[INFO ] 2020-06-25 20:08:37.207 [Thread_0] Log - 2020-06-25 20:08:37 [INFO] [scenario:250] - #################################################
[INFO ] 2020-06-25 20:08:37.207 [Thread_0] Log - 2020-06-25 20:08:37 [INFO] [scenario:251] - 		Scenario: Login with Valid credentials		
[INFO ] 2020-06-25 20:08:37.208 [Thread_0] Log - 2020-06-25 20:08:37 [INFO] [scenario:252] - #################################################
[INFO ] 2020-06-25 20:08:38.515 [Thread_0] Log - 2020-06-25 20:08:38 [INFO] [feature:171] - Feature Name: Verify the Login Scenarios
[INFO ] 2020-06-25 20:08:38.516 [Thread_0] Log - 2020-06-25 20:08:38 [INFO] [createAppiumInstance:205] - 0parallel
[INFO ] 2020-06-25 20:08:38.528 [Thread_0] Log - 2020-06-25 20:08:38 [INFO] [startAppiumServerForAndroid:67] - *****************************************

[INFO ] 2020-06-25 20:08:38.529 [Thread_0] Log - 2020-06-25 20:08:38 [INFO] [startAppiumServerForAndroid:68] - Starting Appium Server for Android Device::emulator-5554

[INFO ] 2020-06-25 20:08:38.530 [Thread_0] Log - 2020-06-25 20:08:38 [INFO] [startAppiumServerForAndroid:69] - *****************************************

[INFO ] 2020-06-25 20:08:59.168 [Thread_0] Log - 2020-06-25 20:08:59 [INFO] [androidNative:34] - Setting Android Desired Capabilities:
[INFO ] 2020-06-25 20:08:59.168 [Thread_0] Log - 2020-06-25 20:08:59 [INFO] [androidNative:47] - emulator-555412
[INFO ] 2020-06-25 20:09:03.729 [Thread_0] Log - 2020-06-25 20:09:03 [INFO] [startOfScenarioLifeCycle:196] - []
[INFO ] 2020-06-25 20:09:03.730 [Thread_0] Log - 2020-06-25 20:09:03 [INFO] [scenario:250] - #################################################
[INFO ] 2020-06-25 20:09:03.730 [Thread_0] Log - 2020-06-25 20:09:03 [INFO] [scenario:251] - 		Scenario: Login with invalid userName		
[INFO ] 2020-06-25 20:09:03.731 [Thread_0] Log - 2020-06-25 20:09:03 [INFO] [scenario:252] - #################################################
[INFO ] 2020-06-26 17:58:00.489 [main] Log - 2020-06-26 17:58:00 [INFO] [getDeviceSerial:91] - Adding all android devices: emulator-5554
[INFO ] 2020-06-26 17:58:00.499 [main] Log - 2020-06-26 17:58:00 [INFO] [getAndroidDeviceSerial:77] - Adding Android devices
[INFO ] 2020-06-26 17:58:00.501 [main] Log - 2020-06-26 17:58:00 [INFO] [initializeDevices:66] - {emulator-5554=true}
[INFO ] 2020-06-26 17:58:00.520 [main] Log - 2020-06-26 17:58:00 [INFO] [parallelExecution:70] - creating directory: Logs
[INFO ] 2020-06-26 17:58:00.531 [main] Log - 2020-06-26 17:58:00 [INFO] [getDeviceInfo:55] - D:\Frontline\frontlinemobile\testdata\deviceSheet.csv
[INFO ] 2020-06-26 17:58:00.534 [main] Log - 2020-06-26 17:58:00 [INFO] [getDeviceInfo:55] - D:\Frontline\frontlinemobile\testdata\deviceSheet.csv
[INFO ] 2020-06-26 17:58:00.537 [main] Log - 2020-06-26 17:58:00 [INFO] [parallelExecution:86] - creating directory: ADBLogs
[INFO ] 2020-06-26 17:58:00.544 [main] Log - 2020-06-26 17:58:00 [INFO] [parallelExecution:111] - ********************************************

[INFO ] 2020-06-26 17:58:00.545 [main] Log - 2020-06-26 17:58:00 [INFO] [parallelExecution:112] - Total Number of devices detected::1

[INFO ] 2020-06-26 17:58:00.547 [main] Log - 2020-06-26 17:58:00 [INFO] [parallelExecution:113] - ********************************************

[INFO ] 2020-06-26 17:58:00.548 [main] Log - 2020-06-26 17:58:00 [INFO] [parallelExecution:114] - starting running tests in threads
[INFO ] 2020-06-26 17:58:01.303 [TestNG-tests-1] Log - 2020-06-26 17:58:01 [INFO] [feature:171] - Feature Name: Verify the Login Scenarios
[INFO ] 2020-06-26 17:58:01.308 [Thread_0] Log - 2020-06-26 17:58:01 [INFO] [createAppiumInstance:205] - 0parallel
[INFO ] 2020-06-26 17:58:04.033 [Thread_0] Log - 2020-06-26 17:58:04 [INFO] [startAppiumServerForAndroid:67] - *****************************************

[INFO ] 2020-06-26 17:58:04.034 [Thread_0] Log - 2020-06-26 17:58:04 [INFO] [startAppiumServerForAndroid:68] - Starting Appium Server for Android Device::emulator-5554

[INFO ] 2020-06-26 17:58:04.035 [Thread_0] Log - 2020-06-26 17:58:04 [INFO] [startAppiumServerForAndroid:69] - *****************************************

[INFO ] 2020-06-26 17:58:11.382 [Thread_0] Log - 2020-06-26 17:58:11 [INFO] [androidNative:34] - Setting Android Desired Capabilities:
[INFO ] 2020-06-26 17:58:11.385 [Thread_0] Log - 2020-06-26 17:58:11 [INFO] [androidNative:47] - emulator-555413
[INFO ] 2020-06-26 17:58:41.498 [Thread_0] Log - 2020-06-26 17:58:41 [INFO] [startOfScenarioLifeCycle:196] - []
[INFO ] 2020-06-26 17:58:41.501 [Thread_0] Log - 2020-06-26 17:58:41 [INFO] [scenario:250] - #################################################
[INFO ] 2020-06-26 17:58:41.505 [Thread_0] Log - 2020-06-26 17:58:41 [INFO] [scenario:251] - 		Scenario: Login with Valid credentials		
[INFO ] 2020-06-26 17:58:41.508 [Thread_0] Log - 2020-06-26 17:58:41 [INFO] [scenario:252] - #################################################
[INFO ] 2020-06-26 18:02:17.412 [main] Log - 2020-06-26 18:02:17 [INFO] [getDeviceSerial:91] - Adding all android devices: emulator-5554
[INFO ] 2020-06-26 18:02:17.422 [main] Log - 2020-06-26 18:02:17 [INFO] [getAndroidDeviceSerial:77] - Adding Android devices
[INFO ] 2020-06-26 18:02:17.422 [main] Log - 2020-06-26 18:02:17 [INFO] [initializeDevices:66] - {emulator-5554=true}
[INFO ] 2020-06-26 18:02:17.443 [main] Log - 2020-06-26 18:02:17 [INFO] [parallelExecution:70] - creating directory: Logs
[INFO ] 2020-06-26 18:02:17.454 [main] Log - 2020-06-26 18:02:17 [INFO] [getDeviceInfo:55] - D:\Frontline\frontlinemobile\testdata\deviceSheet.csv
[INFO ] 2020-06-26 18:02:17.457 [main] Log - 2020-06-26 18:02:17 [INFO] [getDeviceInfo:55] - D:\Frontline\frontlinemobile\testdata\deviceSheet.csv
[INFO ] 2020-06-26 18:02:17.460 [main] Log - 2020-06-26 18:02:17 [INFO] [parallelExecution:86] - creating directory: ADBLogs
[INFO ] 2020-06-26 18:02:17.466 [main] Log - 2020-06-26 18:02:17 [INFO] [parallelExecution:111] - ********************************************

[INFO ] 2020-06-26 18:02:17.467 [main] Log - 2020-06-26 18:02:17 [INFO] [parallelExecution:112] - Total Number of devices detected::1

[INFO ] 2020-06-26 18:02:17.468 [main] Log - 2020-06-26 18:02:17 [INFO] [parallelExecution:113] - ********************************************

[INFO ] 2020-06-26 18:02:17.469 [main] Log - 2020-06-26 18:02:17 [INFO] [parallelExecution:114] - starting running tests in threads
[INFO ] 2020-06-26 18:02:18.308 [TestNG-tests-1] Log - 2020-06-26 18:02:18 [INFO] [feature:171] - Feature Name: Verify the Login Scenarios
[INFO ] 2020-06-26 18:02:18.313 [Thread_0] Log - 2020-06-26 18:02:18 [INFO] [createAppiumInstance:205] - 0parallel
[INFO ] 2020-06-26 18:02:21.227 [Thread_0] Log - 2020-06-26 18:02:21 [INFO] [startAppiumServerForAndroid:67] - *****************************************

[INFO ] 2020-06-26 18:02:21.227 [Thread_0] Log - 2020-06-26 18:02:21 [INFO] [startAppiumServerForAndroid:68] - Starting Appium Server for Android Device::emulator-5554

[INFO ] 2020-06-26 18:02:21.228 [Thread_0] Log - 2020-06-26 18:02:21 [INFO] [startAppiumServerForAndroid:69] - *****************************************

[INFO ] 2020-06-26 18:02:29.432 [Thread_0] Log - 2020-06-26 18:02:29 [INFO] [androidNative:34] - Setting Android Desired Capabilities:
[INFO ] 2020-06-26 18:02:29.435 [Thread_0] Log - 2020-06-26 18:02:29 [INFO] [androidNative:47] - emulator-555413
[INFO ] 2020-06-26 18:03:01.010 [Thread_0] Log - 2020-06-26 18:03:01 [INFO] [startOfScenarioLifeCycle:196] - []
[INFO ] 2020-06-26 18:03:01.011 [Thread_0] Log - 2020-06-26 18:03:01 [INFO] [scenario:250] - #################################################
[INFO ] 2020-06-26 18:03:01.013 [Thread_0] Log - 2020-06-26 18:03:01 [INFO] [scenario:251] - 		Scenario: Login with Valid credentials		
[INFO ] 2020-06-26 18:03:01.014 [Thread_0] Log - 2020-06-26 18:03:01 [INFO] [scenario:252] - #################################################
